2022-04-12 14:16:42,869:INFO:Initializing load_config()
2022-04-12 14:16:42,869:INFO:load_config(file_name=notebooks/rf_config)
2022-04-12 14:16:42,877:INFO:Global variables loaded from notebooks/rf_config
2022-04-12 14:16:42,877:INFO:Global variables set to match those in notebooks/rf_config
2022-04-12 14:16:42,877:INFO:load_config() succesfully completed......................................
2022-04-12 14:16:42,970:WARNING:Couldn't import xgboost.XGBRegressor
2022-04-12 14:16:42,971:WARNING:Couldn't import catboost.CatBoostRegressor
2022-04-12 14:16:43,062:WARNING:Couldn't import xgboost.XGBRegressor
2022-04-12 14:16:43,063:WARNING:Couldn't import catboost.CatBoostRegressor
2022-04-12 14:43:12,326:INFO:Initializing load_config()
2022-04-12 14:43:12,327:INFO:load_config(file_name=notebooks/rf_config)
2022-04-12 14:43:12,334:INFO:Global variables loaded from notebooks/rf_config
2022-04-12 14:43:12,334:INFO:Global variables set to match those in notebooks/rf_config
2022-04-12 14:43:12,334:INFO:load_config() succesfully completed......................................
2022-04-12 14:43:12,439:INFO:Initializing load_config()
2022-04-12 14:43:12,440:INFO:load_config(file_name=notebooks/rf_config)
2022-04-12 14:43:12,445:WARNING:Couldn't import xgboost.XGBRegressor
2022-04-12 14:43:12,448:INFO:Global variables loaded from notebooks/rf_config
2022-04-12 14:43:12,449:INFO:Global variables set to match those in notebooks/rf_config
2022-04-12 14:43:12,449:INFO:load_config() succesfully completed......................................
2022-04-12 14:43:12,529:WARNING:Couldn't import catboost.CatBoostRegressor
2022-04-12 14:43:12,637:WARNING:Couldn't import xgboost.XGBRegressor
2022-04-12 14:43:12,638:WARNING:Couldn't import xgboost.XGBRegressor
2022-04-12 14:43:12,639:WARNING:Couldn't import catboost.CatBoostRegressor
2022-04-12 14:43:12,735:WARNING:Couldn't import xgboost.XGBRegressor
2022-04-12 14:43:12,735:WARNING:Couldn't import catboost.CatBoostRegressor
2022-04-12 14:43:12,737:WARNING:Couldn't import catboost.CatBoostRegressor
2022-04-12 14:46:27,088:INFO:Initializing load_config()
2022-04-12 14:46:27,088:INFO:Initializing load_config()
2022-04-12 14:46:27,088:INFO:load_config(file_name=notebooks/rf_config)
2022-04-12 14:46:27,089:INFO:load_config(file_name=notebooks/rf_config)
2022-04-12 14:46:27,101:INFO:Global variables loaded from notebooks/rf_config
2022-04-12 14:46:27,102:INFO:Global variables loaded from notebooks/rf_config
2022-04-12 14:46:27,102:INFO:Global variables set to match those in notebooks/rf_config
2022-04-12 14:46:27,102:INFO:Global variables set to match those in notebooks/rf_config
2022-04-12 14:46:27,102:INFO:load_config() succesfully completed......................................
2022-04-12 14:46:27,103:INFO:load_config() succesfully completed......................................
2022-04-12 14:46:27,300:WARNING:Couldn't import xgboost.XGBRegressor
2022-04-12 14:46:27,301:WARNING:Couldn't import xgboost.XGBRegressor
2022-04-12 14:46:27,302:WARNING:Couldn't import catboost.CatBoostRegressor
2022-04-12 14:46:27,394:WARNING:Couldn't import catboost.CatBoostRegressor
2022-04-12 14:46:27,487:WARNING:Couldn't import xgboost.XGBRegressor
2022-04-12 14:46:27,489:WARNING:Couldn't import xgboost.XGBRegressor
2022-04-12 14:46:27,490:WARNING:Couldn't import catboost.CatBoostRegressor
2022-04-12 14:46:27,491:WARNING:Couldn't import catboost.CatBoostRegressor
2022-04-12 14:47:57,495:INFO:Initializing load_config()
2022-04-12 14:47:57,495:INFO:load_config(file_name=notebooks/rf_config)
2022-04-12 14:47:57,502:INFO:Global variables loaded from notebooks/rf_config
2022-04-12 14:47:57,502:INFO:Global variables set to match those in notebooks/rf_config
2022-04-12 14:47:57,502:INFO:load_config() succesfully completed......................................
2022-04-12 14:47:57,596:WARNING:Couldn't import xgboost.XGBRegressor
2022-04-12 14:47:57,598:WARNING:Couldn't import catboost.CatBoostRegressor
2022-04-12 14:47:57,692:WARNING:Couldn't import xgboost.XGBRegressor
2022-04-12 14:47:57,693:WARNING:Couldn't import catboost.CatBoostRegressor
2022-04-12 14:51:46,447:INFO:Initializing load_config()
2022-04-12 14:51:46,448:INFO:load_config(file_name=notebooks/rf_config)
2022-04-12 14:51:46,455:INFO:Global variables loaded from notebooks/rf_config
2022-04-12 14:51:46,455:INFO:Global variables set to match those in notebooks/rf_config
2022-04-12 14:51:46,455:INFO:load_config() succesfully completed......................................
2022-04-12 14:51:46,549:WARNING:Couldn't import xgboost.XGBRegressor
2022-04-12 14:51:46,550:WARNING:Couldn't import catboost.CatBoostRegressor
2022-04-12 14:51:46,644:WARNING:Couldn't import xgboost.XGBRegressor
2022-04-12 14:51:46,646:WARNING:Couldn't import catboost.CatBoostRegressor
2022-04-12 14:52:51,541:INFO:Initializing load_config()
2022-04-12 14:52:51,542:INFO:load_config(file_name=notebooks/rf_config)
2022-04-12 14:52:51,548:INFO:Global variables loaded from notebooks/rf_config
2022-04-12 14:52:51,549:INFO:Global variables set to match those in notebooks/rf_config
2022-04-12 14:52:51,549:INFO:load_config() succesfully completed......................................
2022-04-12 14:52:51,640:WARNING:Couldn't import xgboost.XGBRegressor
2022-04-12 14:52:51,642:WARNING:Couldn't import catboost.CatBoostRegressor
2022-04-12 14:52:51,735:WARNING:Couldn't import xgboost.XGBRegressor
2022-04-12 14:52:51,736:WARNING:Couldn't import catboost.CatBoostRegressor
2022-04-12 14:54:09,955:INFO:Initializing load_config()
2022-04-12 14:54:09,956:INFO:load_config(file_name=notebooks/rf_config)
2022-04-12 14:54:09,963:INFO:Global variables loaded from notebooks/rf_config
2022-04-12 14:54:09,963:INFO:Global variables set to match those in notebooks/rf_config
2022-04-12 14:54:09,963:INFO:load_config() succesfully completed......................................
2022-04-12 14:54:10,056:WARNING:Couldn't import xgboost.XGBRegressor
2022-04-12 14:54:10,057:WARNING:Couldn't import catboost.CatBoostRegressor
2022-04-12 14:54:10,152:WARNING:Couldn't import xgboost.XGBRegressor
2022-04-12 14:54:10,153:WARNING:Couldn't import catboost.CatBoostRegressor
2022-04-12 15:01:06,317:INFO:Initializing load_config()
2022-04-12 15:01:06,318:INFO:load_config(file_name=notebooks/rf_config)
2022-04-12 15:01:06,327:INFO:Global variables loaded from notebooks/rf_config
2022-04-12 15:01:06,327:INFO:Global variables set to match those in notebooks/rf_config
2022-04-12 15:01:06,327:INFO:load_config() succesfully completed......................................
2022-04-12 15:01:06,425:WARNING:Couldn't import xgboost.XGBRegressor
2022-04-12 15:01:06,426:WARNING:Couldn't import catboost.CatBoostRegressor
2022-04-12 15:01:06,520:WARNING:Couldn't import xgboost.XGBRegressor
2022-04-12 15:01:06,521:WARNING:Couldn't import catboost.CatBoostRegressor
2022-04-12 15:05:59,872:INFO:Initializing load_config()
2022-04-12 15:05:59,873:INFO:load_config(file_name=notebooks/rf_config)
2022-04-12 15:05:59,884:INFO:Global variables loaded from notebooks/rf_config
2022-04-12 15:05:59,884:INFO:Global variables set to match those in notebooks/rf_config
2022-04-12 15:05:59,885:INFO:load_config() succesfully completed......................................
2022-04-12 15:05:59,976:WARNING:Couldn't import xgboost.XGBRegressor
2022-04-12 15:05:59,977:WARNING:Couldn't import catboost.CatBoostRegressor
2022-04-12 15:06:00,069:WARNING:Couldn't import xgboost.XGBRegressor
2022-04-12 15:06:00,070:WARNING:Couldn't import catboost.CatBoostRegressor
2022-04-12 15:06:28,974:INFO:Initializing load_config()
2022-04-12 15:06:28,974:INFO:load_config(file_name=notebooks/rf_config)
2022-04-12 15:06:28,981:INFO:Global variables loaded from notebooks/rf_config
2022-04-12 15:06:28,982:INFO:Global variables set to match those in notebooks/rf_config
2022-04-12 15:06:28,982:INFO:load_config() succesfully completed......................................
2022-04-12 15:06:29,084:WARNING:Couldn't import xgboost.XGBRegressor
2022-04-12 15:06:29,086:WARNING:Couldn't import catboost.CatBoostRegressor
2022-04-12 15:06:29,183:WARNING:Couldn't import xgboost.XGBRegressor
2022-04-12 15:06:29,184:WARNING:Couldn't import catboost.CatBoostRegressor
2022-04-12 15:06:32,923:INFO:Initializing load_config()
2022-04-12 15:06:32,923:INFO:load_config(file_name=notebooks/rf_config)
2022-04-12 15:06:32,934:INFO:Global variables loaded from notebooks/rf_config
2022-04-12 15:06:32,934:INFO:Global variables set to match those in notebooks/rf_config
2022-04-12 15:06:32,934:INFO:load_config() succesfully completed......................................
2022-04-12 15:06:33,031:WARNING:Couldn't import xgboost.XGBRegressor
2022-04-12 15:06:33,032:WARNING:Couldn't import catboost.CatBoostRegressor
2022-04-12 15:06:33,125:WARNING:Couldn't import xgboost.XGBRegressor
2022-04-12 15:06:33,126:WARNING:Couldn't import catboost.CatBoostRegressor
2022-04-12 15:06:39,502:INFO:Initializing load_config()
2022-04-12 15:06:39,503:INFO:load_config(file_name=notebooks/rf_config)
2022-04-12 15:06:39,510:INFO:Global variables loaded from notebooks/rf_config
2022-04-12 15:06:39,510:INFO:Global variables set to match those in notebooks/rf_config
2022-04-12 15:06:39,511:INFO:load_config() succesfully completed......................................
2022-04-12 15:06:39,605:WARNING:Couldn't import xgboost.XGBRegressor
2022-04-12 15:06:39,606:WARNING:Couldn't import catboost.CatBoostRegressor
2022-04-12 15:06:39,706:WARNING:Couldn't import xgboost.XGBRegressor
2022-04-12 15:06:39,707:WARNING:Couldn't import catboost.CatBoostRegressor
2022-04-12 15:08:35,119:INFO:Initializing load_config()
2022-04-12 15:08:35,120:INFO:load_config(file_name=notebooks/rf_config)
2022-04-12 15:08:35,127:INFO:Global variables loaded from notebooks/rf_config
2022-04-12 15:08:35,127:INFO:Global variables set to match those in notebooks/rf_config
2022-04-12 15:08:35,128:INFO:load_config() succesfully completed......................................
2022-04-12 15:08:35,221:WARNING:Couldn't import xgboost.XGBRegressor
2022-04-12 15:08:35,223:WARNING:Couldn't import catboost.CatBoostRegressor
2022-04-12 15:08:35,314:WARNING:Couldn't import xgboost.XGBRegressor
2022-04-12 15:08:35,316:WARNING:Couldn't import catboost.CatBoostRegressor
2022-04-12 15:08:46,693:INFO:Initializing load_config()
2022-04-12 15:08:46,694:INFO:load_config(file_name=notebooks/rf_config)
2022-04-12 15:08:46,701:INFO:Global variables loaded from notebooks/rf_config
2022-04-12 15:08:46,701:INFO:Global variables set to match those in notebooks/rf_config
2022-04-12 15:08:46,702:INFO:load_config() succesfully completed......................................
2022-04-12 15:08:46,796:WARNING:Couldn't import xgboost.XGBRegressor
2022-04-12 15:08:46,798:WARNING:Couldn't import catboost.CatBoostRegressor
2022-04-12 15:08:46,898:WARNING:Couldn't import xgboost.XGBRegressor
2022-04-12 15:08:46,899:WARNING:Couldn't import catboost.CatBoostRegressor
2022-04-12 15:08:48,866:INFO:Initializing load_config()
2022-04-12 15:08:48,867:INFO:load_config(file_name=notebooks/rf_config)
2022-04-12 15:08:48,875:INFO:Global variables loaded from notebooks/rf_config
2022-04-12 15:08:48,875:INFO:Global variables set to match those in notebooks/rf_config
2022-04-12 15:08:48,875:INFO:load_config() succesfully completed......................................
2022-04-12 15:08:48,970:WARNING:Couldn't import xgboost.XGBRegressor
2022-04-12 15:08:48,971:WARNING:Couldn't import catboost.CatBoostRegressor
2022-04-12 15:08:49,067:WARNING:Couldn't import xgboost.XGBRegressor
2022-04-12 15:08:49,068:WARNING:Couldn't import catboost.CatBoostRegressor
2022-04-12 15:09:02,893:INFO:Initializing load_config()
2022-04-12 15:09:02,893:INFO:load_config(file_name=notebooks/rf_config)
2022-04-12 15:09:02,901:INFO:Global variables loaded from notebooks/rf_config
2022-04-12 15:09:02,902:INFO:Global variables set to match those in notebooks/rf_config
2022-04-12 15:09:02,902:INFO:load_config() succesfully completed......................................
2022-04-12 15:09:03,005:WARNING:Couldn't import xgboost.XGBRegressor
2022-04-12 15:09:03,006:WARNING:Couldn't import catboost.CatBoostRegressor
2022-04-12 15:09:03,146:WARNING:Couldn't import xgboost.XGBRegressor
2022-04-12 15:09:03,148:WARNING:Couldn't import catboost.CatBoostRegressor
2022-04-12 15:09:06,814:INFO:Initializing load_config()
2022-04-12 15:09:06,814:INFO:load_config(file_name=notebooks/rf_config)
2022-04-12 15:09:06,823:INFO:Global variables loaded from notebooks/rf_config
2022-04-12 15:09:06,823:INFO:Global variables set to match those in notebooks/rf_config
2022-04-12 15:09:06,824:INFO:load_config() succesfully completed......................................
2022-04-12 15:09:06,918:WARNING:Couldn't import xgboost.XGBRegressor
2022-04-12 15:09:06,920:WARNING:Couldn't import catboost.CatBoostRegressor
2022-04-12 15:09:07,018:WARNING:Couldn't import xgboost.XGBRegressor
2022-04-12 15:09:07,020:WARNING:Couldn't import catboost.CatBoostRegressor
2022-04-12 15:14:47,279:INFO:Initializing load_config()
2022-04-12 15:14:47,280:INFO:load_config(file_name=notebooks/rf_config)
2022-04-12 15:14:47,287:INFO:Global variables loaded from notebooks/rf_config
2022-04-12 15:14:47,288:INFO:Global variables set to match those in notebooks/rf_config
2022-04-12 15:14:47,288:INFO:load_config() succesfully completed......................................
2022-04-12 15:14:47,382:WARNING:Couldn't import xgboost.XGBRegressor
2022-04-12 15:14:47,383:WARNING:Couldn't import catboost.CatBoostRegressor
2022-04-12 15:14:47,480:WARNING:Couldn't import xgboost.XGBRegressor
2022-04-12 15:14:47,482:WARNING:Couldn't import catboost.CatBoostRegressor
2022-04-12 15:16:17,367:INFO:Initializing load_config()
2022-04-12 15:16:17,367:INFO:load_config(file_name=notebooks/rf_config)
2022-04-12 15:16:17,375:INFO:Global variables loaded from notebooks/rf_config
2022-04-12 15:16:17,376:INFO:Global variables set to match those in notebooks/rf_config
2022-04-12 15:16:17,376:INFO:load_config() succesfully completed......................................
2022-04-12 15:16:17,473:WARNING:Couldn't import xgboost.XGBRegressor
2022-04-12 15:16:17,475:WARNING:Couldn't import catboost.CatBoostRegressor
2022-04-12 15:16:17,572:WARNING:Couldn't import xgboost.XGBRegressor
2022-04-12 15:16:17,574:WARNING:Couldn't import catboost.CatBoostRegressor
2022-04-12 15:16:22,016:INFO:Initializing load_config()
2022-04-12 15:16:22,017:INFO:load_config(file_name=notebooks/rf_config)
2022-04-12 15:16:22,024:INFO:Global variables loaded from notebooks/rf_config
2022-04-12 15:16:22,025:INFO:Global variables set to match those in notebooks/rf_config
2022-04-12 15:16:22,025:INFO:load_config() succesfully completed......................................
2022-04-12 15:16:22,122:WARNING:Couldn't import xgboost.XGBRegressor
2022-04-12 15:16:22,124:WARNING:Couldn't import catboost.CatBoostRegressor
2022-04-12 15:16:22,226:WARNING:Couldn't import xgboost.XGBRegressor
2022-04-12 15:16:22,228:WARNING:Couldn't import catboost.CatBoostRegressor
2022-04-12 15:16:27,794:INFO:Initializing load_config()
2022-04-12 15:16:27,795:INFO:load_config(file_name=notebooks/rf_config)
2022-04-12 15:16:27,803:INFO:Global variables loaded from notebooks/rf_config
2022-04-12 15:16:27,803:INFO:Global variables set to match those in notebooks/rf_config
2022-04-12 15:16:27,803:INFO:load_config() succesfully completed......................................
2022-04-12 15:16:27,903:WARNING:Couldn't import xgboost.XGBRegressor
2022-04-12 15:16:27,905:WARNING:Couldn't import catboost.CatBoostRegressor
2022-04-12 15:16:28,004:WARNING:Couldn't import xgboost.XGBRegressor
2022-04-12 15:16:28,005:WARNING:Couldn't import catboost.CatBoostRegressor
2022-04-12 15:16:32,186:INFO:Initializing load_config()
2022-04-12 15:16:32,187:INFO:load_config(file_name=notebooks/rf_config)
2022-04-12 15:16:32,194:INFO:Global variables loaded from notebooks/rf_config
2022-04-12 15:16:32,194:INFO:Global variables set to match those in notebooks/rf_config
2022-04-12 15:16:32,195:INFO:load_config() succesfully completed......................................
2022-04-12 15:16:32,298:WARNING:Couldn't import xgboost.XGBRegressor
2022-04-12 15:16:32,299:WARNING:Couldn't import catboost.CatBoostRegressor
2022-04-12 15:16:32,400:WARNING:Couldn't import xgboost.XGBRegressor
2022-04-12 15:16:32,401:WARNING:Couldn't import catboost.CatBoostRegressor
2022-04-12 15:24:24,712:INFO:Initializing load_config()
2022-04-12 15:24:24,712:INFO:load_config(file_name=notebooks/rf_config)
2022-04-12 15:24:24,720:INFO:Global variables loaded from notebooks/rf_config
2022-04-12 15:24:24,721:INFO:Global variables set to match those in notebooks/rf_config
2022-04-12 15:24:24,721:INFO:load_config() succesfully completed......................................
2022-04-12 15:24:24,819:WARNING:Couldn't import xgboost.XGBRegressor
2022-04-12 15:24:24,820:WARNING:Couldn't import catboost.CatBoostRegressor
2022-04-12 15:24:24,914:WARNING:Couldn't import xgboost.XGBRegressor
2022-04-12 15:24:24,916:WARNING:Couldn't import catboost.CatBoostRegressor
2022-04-12 15:24:37,842:INFO:Initializing load_config()
2022-04-12 15:24:37,842:INFO:load_config(file_name=notebooks/rf_config)
2022-04-12 15:24:37,851:INFO:Global variables loaded from notebooks/rf_config
2022-04-12 15:24:37,851:INFO:Global variables set to match those in notebooks/rf_config
2022-04-12 15:24:37,851:INFO:load_config() succesfully completed......................................
2022-04-12 15:24:37,944:WARNING:Couldn't import xgboost.XGBRegressor
2022-04-12 15:24:37,946:WARNING:Couldn't import catboost.CatBoostRegressor
2022-04-12 15:24:38,038:WARNING:Couldn't import xgboost.XGBRegressor
2022-04-12 15:24:38,039:WARNING:Couldn't import catboost.CatBoostRegressor
2022-04-12 15:24:53,636:INFO:Initializing load_config()
2022-04-12 15:24:53,637:INFO:load_config(file_name=notebooks/rf_config)
2022-04-12 15:24:53,644:INFO:Global variables loaded from notebooks/rf_config
2022-04-12 15:24:53,644:INFO:Global variables set to match those in notebooks/rf_config
2022-04-12 15:24:53,644:INFO:load_config() succesfully completed......................................
2022-04-12 15:24:53,738:WARNING:Couldn't import xgboost.XGBRegressor
2022-04-12 15:24:53,739:WARNING:Couldn't import catboost.CatBoostRegressor
2022-04-12 15:24:53,833:WARNING:Couldn't import xgboost.XGBRegressor
2022-04-12 15:24:53,835:WARNING:Couldn't import catboost.CatBoostRegressor
2022-04-12 16:27:58,084:INFO:Initializing load_config()
2022-04-12 16:27:58,084:INFO:load_config(file_name=notebooks/rf_config)
2022-04-12 16:27:58,094:INFO:Global variables loaded from notebooks/rf_config
2022-04-12 16:27:58,094:INFO:Global variables set to match those in notebooks/rf_config
2022-04-12 16:27:58,094:INFO:load_config() succesfully completed......................................
2022-04-12 16:27:58,258:WARNING:Couldn't import xgboost.XGBRegressor
2022-04-12 16:27:58,259:WARNING:Couldn't import catboost.CatBoostRegressor
2022-04-12 16:27:58,412:WARNING:Couldn't import xgboost.XGBRegressor
2022-04-12 16:27:58,413:WARNING:Couldn't import catboost.CatBoostRegressor
2022-04-12 16:28:07,021:INFO:Initializing load_config()
2022-04-12 16:28:07,022:INFO:load_config(file_name=notebooks/rf_config)
2022-04-12 16:28:07,037:INFO:Global variables loaded from notebooks/rf_config
2022-04-12 16:28:07,037:INFO:Global variables set to match those in notebooks/rf_config
2022-04-12 16:28:07,038:INFO:load_config() succesfully completed......................................
2022-04-12 16:28:07,214:WARNING:Couldn't import xgboost.XGBRegressor
2022-04-12 16:28:07,216:WARNING:Couldn't import catboost.CatBoostRegressor
2022-04-12 16:28:07,378:WARNING:Couldn't import xgboost.XGBRegressor
2022-04-12 16:28:07,379:WARNING:Couldn't import catboost.CatBoostRegressor
2022-04-12 16:28:11,346:INFO:Initializing load_config()
2022-04-12 16:28:11,347:INFO:load_config(file_name=notebooks/rf_config)
2022-04-12 16:28:11,374:INFO:Global variables loaded from notebooks/rf_config
2022-04-12 16:28:11,375:INFO:Global variables set to match those in notebooks/rf_config
2022-04-12 16:28:11,375:INFO:load_config() succesfully completed......................................
2022-04-12 16:28:11,547:WARNING:Couldn't import xgboost.XGBRegressor
2022-04-12 16:28:11,548:WARNING:Couldn't import catboost.CatBoostRegressor
2022-04-12 16:28:11,706:WARNING:Couldn't import xgboost.XGBRegressor
2022-04-12 16:28:11,707:WARNING:Couldn't import catboost.CatBoostRegressor
2022-04-12 16:28:24,886:INFO:Initializing load_config()
2022-04-12 16:28:24,886:INFO:load_config(file_name=notebooks/rf_config)
2022-04-12 16:28:24,909:INFO:Global variables loaded from notebooks/rf_config
2022-04-12 16:28:24,910:INFO:Global variables set to match those in notebooks/rf_config
2022-04-12 16:28:24,910:INFO:load_config() succesfully completed......................................
2022-04-12 16:28:25,117:WARNING:Couldn't import xgboost.XGBRegressor
2022-04-12 16:28:25,118:WARNING:Couldn't import catboost.CatBoostRegressor
2022-04-12 16:28:25,295:WARNING:Couldn't import xgboost.XGBRegressor
2022-04-12 16:28:25,295:WARNING:Couldn't import catboost.CatBoostRegressor
2022-04-12 16:28:29,244:INFO:Initializing load_config()
2022-04-12 16:28:29,244:INFO:load_config(file_name=notebooks/rf_config)
2022-04-12 16:28:29,269:INFO:Global variables loaded from notebooks/rf_config
2022-04-12 16:28:29,269:INFO:Global variables set to match those in notebooks/rf_config
2022-04-12 16:28:29,273:INFO:load_config() succesfully completed......................................
2022-04-12 16:28:29,453:WARNING:Couldn't import xgboost.XGBRegressor
2022-04-12 16:28:29,454:WARNING:Couldn't import catboost.CatBoostRegressor
2022-04-12 16:28:29,611:WARNING:Couldn't import xgboost.XGBRegressor
2022-04-12 16:28:29,612:WARNING:Couldn't import catboost.CatBoostRegressor
2022-04-12 16:28:34,769:INFO:Initializing load_config()
2022-04-12 16:28:34,769:INFO:load_config(file_name=notebooks/rf_config)
2022-04-12 16:28:34,789:INFO:Global variables loaded from notebooks/rf_config
2022-04-12 16:28:34,790:INFO:Global variables set to match those in notebooks/rf_config
2022-04-12 16:28:34,790:INFO:load_config() succesfully completed......................................
2022-04-12 16:28:34,974:WARNING:Couldn't import xgboost.XGBRegressor
2022-04-12 16:28:34,975:WARNING:Couldn't import catboost.CatBoostRegressor
2022-04-12 16:28:35,131:WARNING:Couldn't import xgboost.XGBRegressor
2022-04-12 16:28:35,132:WARNING:Couldn't import catboost.CatBoostRegressor
2022-04-12 16:28:37,919:INFO:Initializing load_config()
2022-04-12 16:28:37,920:INFO:load_config(file_name=notebooks/rf_config)
2022-04-12 16:28:37,942:INFO:Global variables loaded from notebooks/rf_config
2022-04-12 16:28:37,943:INFO:Global variables set to match those in notebooks/rf_config
2022-04-12 16:28:37,943:INFO:load_config() succesfully completed......................................
2022-04-12 16:28:38,128:WARNING:Couldn't import xgboost.XGBRegressor
2022-04-12 16:28:38,129:WARNING:Couldn't import catboost.CatBoostRegressor
2022-04-12 16:28:38,289:WARNING:Couldn't import xgboost.XGBRegressor
2022-04-12 16:28:38,290:WARNING:Couldn't import catboost.CatBoostRegressor
2022-04-12 16:28:46,441:INFO:Initializing load_config()
2022-04-12 16:28:46,441:INFO:load_config(file_name=notebooks/rf_config)
2022-04-12 16:28:46,455:INFO:Global variables loaded from notebooks/rf_config
2022-04-12 16:28:46,456:INFO:Global variables set to match those in notebooks/rf_config
2022-04-12 16:28:46,456:INFO:load_config() succesfully completed......................................
2022-04-12 16:28:46,639:WARNING:Couldn't import xgboost.XGBRegressor
2022-04-12 16:28:46,640:WARNING:Couldn't import catboost.CatBoostRegressor
2022-04-12 16:28:46,812:WARNING:Couldn't import xgboost.XGBRegressor
2022-04-12 16:28:46,813:WARNING:Couldn't import catboost.CatBoostRegressor
2022-04-12 16:28:58,031:INFO:Initializing load_config()
2022-04-12 16:28:58,031:INFO:load_config(file_name=notebooks/rf_config)
2022-04-12 16:28:58,054:INFO:Global variables loaded from notebooks/rf_config
2022-04-12 16:28:58,054:INFO:Global variables set to match those in notebooks/rf_config
2022-04-12 16:28:58,054:INFO:load_config() succesfully completed......................................
2022-04-12 16:28:58,240:WARNING:Couldn't import xgboost.XGBRegressor
2022-04-12 16:28:58,242:WARNING:Couldn't import catboost.CatBoostRegressor
2022-04-12 16:28:58,412:WARNING:Couldn't import xgboost.XGBRegressor
2022-04-12 16:28:58,413:WARNING:Couldn't import catboost.CatBoostRegressor
2022-04-13 07:49:33,718:INFO:Initializing load_config()
2022-04-13 07:49:33,719:INFO:load_config(file_name=notebooks/rf_config)
2022-04-13 07:49:33,749:INFO:Global variables loaded from notebooks/rf_config
2022-04-13 07:49:33,750:INFO:Global variables set to match those in notebooks/rf_config
2022-04-13 07:49:33,750:INFO:load_config() succesfully completed......................................
2022-04-13 07:49:33,931:WARNING:Couldn't import xgboost.XGBRegressor
2022-04-13 07:49:33,932:WARNING:Couldn't import catboost.CatBoostRegressor
2022-04-13 07:49:34,077:WARNING:Couldn't import xgboost.XGBRegressor
2022-04-13 07:49:34,078:WARNING:Couldn't import catboost.CatBoostRegressor
2022-04-22 09:07:12,246:INFO:Initializing load_config()
2022-04-22 09:07:12,246:INFO:load_config(file_name=notebooks/rf_config)
2022-04-22 09:07:12,252:INFO:Global variables loaded from notebooks/rf_config
2022-04-22 09:07:12,252:INFO:Global variables set to match those in notebooks/rf_config
2022-04-22 09:07:12,252:INFO:load_config() succesfully completed......................................
2022-04-22 09:07:12,340:WARNING:Couldn't import xgboost.XGBRegressor
2022-04-22 09:07:12,341:WARNING:Couldn't import catboost.CatBoostRegressor
2022-04-22 09:07:12,427:WARNING:Couldn't import xgboost.XGBRegressor
2022-04-22 09:07:12,427:WARNING:Couldn't import catboost.CatBoostRegressor
2022-04-22 09:16:29,654:INFO:Initializing load_config()
2022-04-22 09:16:29,654:INFO:load_config(file_name=notebooks/rf_config)
2022-04-22 09:16:29,663:INFO:Global variables loaded from notebooks/rf_config
2022-04-22 09:16:29,663:INFO:Global variables set to match those in notebooks/rf_config
2022-04-22 09:16:29,663:INFO:load_config() succesfully completed......................................
2022-04-22 09:16:29,760:WARNING:Couldn't import xgboost.XGBRegressor
2022-04-22 09:16:29,761:WARNING:Couldn't import catboost.CatBoostRegressor
2022-04-22 09:16:29,855:WARNING:Couldn't import xgboost.XGBRegressor
2022-04-22 09:16:29,856:WARNING:Couldn't import catboost.CatBoostRegressor
2022-04-22 09:18:23,586:INFO:Initializing load_config()
2022-04-22 09:18:23,587:INFO:load_config(file_name=notebooks/rf_config)
2022-04-22 09:18:23,596:INFO:Global variables loaded from notebooks/rf_config
2022-04-22 09:18:23,596:INFO:Global variables set to match those in notebooks/rf_config
2022-04-22 09:18:23,596:INFO:load_config() succesfully completed......................................
2022-04-22 09:18:23,713:WARNING:Couldn't import xgboost.XGBRegressor
2022-04-22 09:18:23,713:WARNING:Couldn't import catboost.CatBoostRegressor
2022-04-22 09:18:23,815:WARNING:Couldn't import xgboost.XGBRegressor
2022-04-22 09:18:23,815:WARNING:Couldn't import catboost.CatBoostRegressor
2022-04-22 09:18:30,334:INFO:Initializing load_config()
2022-04-22 09:18:30,334:INFO:load_config(file_name=notebooks/rf_config)
2022-04-22 09:18:30,341:INFO:Global variables loaded from notebooks/rf_config
2022-04-22 09:18:30,342:INFO:Global variables set to match those in notebooks/rf_config
2022-04-22 09:18:30,342:INFO:load_config() succesfully completed......................................
2022-04-22 09:18:30,449:WARNING:Couldn't import xgboost.XGBRegressor
2022-04-22 09:18:30,450:WARNING:Couldn't import catboost.CatBoostRegressor
2022-04-22 09:18:30,553:WARNING:Couldn't import xgboost.XGBRegressor
2022-04-22 09:18:30,554:WARNING:Couldn't import catboost.CatBoostRegressor
2022-04-22 09:18:34,855:INFO:Initializing load_config()
2022-04-22 09:18:34,855:INFO:load_config(file_name=notebooks/rf_config)
2022-04-22 09:18:34,864:INFO:Global variables loaded from notebooks/rf_config
2022-04-22 09:18:34,864:INFO:Global variables set to match those in notebooks/rf_config
2022-04-22 09:18:34,864:INFO:load_config() succesfully completed......................................
2022-04-22 09:18:34,963:WARNING:Couldn't import xgboost.XGBRegressor
2022-04-22 09:18:34,964:WARNING:Couldn't import catboost.CatBoostRegressor
2022-04-22 09:18:35,064:WARNING:Couldn't import xgboost.XGBRegressor
2022-04-22 09:18:35,065:WARNING:Couldn't import catboost.CatBoostRegressor
2022-04-22 09:18:46,097:INFO:Initializing load_config()
2022-04-22 09:18:46,097:INFO:load_config(file_name=notebooks/rf_config)
2022-04-22 09:18:46,106:INFO:Global variables loaded from notebooks/rf_config
2022-04-22 09:18:46,106:INFO:Global variables set to match those in notebooks/rf_config
2022-04-22 09:18:46,106:INFO:load_config() succesfully completed......................................
2022-04-22 09:18:46,209:WARNING:Couldn't import xgboost.XGBRegressor
2022-04-22 09:18:46,210:WARNING:Couldn't import catboost.CatBoostRegressor
2022-04-22 09:18:46,305:WARNING:Couldn't import xgboost.XGBRegressor
2022-04-22 09:18:46,305:WARNING:Couldn't import catboost.CatBoostRegressor
2022-04-22 09:18:50,550:INFO:Initializing load_config()
2022-04-22 09:18:50,551:INFO:load_config(file_name=notebooks/rf_config)
2022-04-22 09:18:50,558:INFO:Global variables loaded from notebooks/rf_config
2022-04-22 09:18:50,559:INFO:Global variables set to match those in notebooks/rf_config
2022-04-22 09:18:50,559:INFO:load_config() succesfully completed......................................
2022-04-22 09:18:50,655:WARNING:Couldn't import xgboost.XGBRegressor
2022-04-22 09:18:50,655:WARNING:Couldn't import catboost.CatBoostRegressor
2022-04-22 09:18:50,747:WARNING:Couldn't import xgboost.XGBRegressor
2022-04-22 09:18:50,748:WARNING:Couldn't import catboost.CatBoostRegressor
2022-04-22 09:18:53,395:INFO:Initializing load_config()
2022-04-22 09:18:53,395:INFO:load_config(file_name=notebooks/rf_config)
2022-04-22 09:18:53,410:INFO:Global variables loaded from notebooks/rf_config
2022-04-22 09:18:53,410:INFO:Global variables set to match those in notebooks/rf_config
2022-04-22 09:18:53,410:INFO:load_config() succesfully completed......................................
2022-04-22 09:18:53,510:WARNING:Couldn't import xgboost.XGBRegressor
2022-04-22 09:18:53,511:WARNING:Couldn't import catboost.CatBoostRegressor
2022-04-22 09:18:53,611:WARNING:Couldn't import xgboost.XGBRegressor
2022-04-22 09:18:53,612:WARNING:Couldn't import catboost.CatBoostRegressor
2022-04-22 09:18:58,936:INFO:Initializing load_config()
2022-04-22 09:18:58,937:INFO:load_config(file_name=notebooks/rf_config)
2022-04-22 09:18:58,950:INFO:Global variables loaded from notebooks/rf_config
2022-04-22 09:18:58,951:INFO:Global variables set to match those in notebooks/rf_config
2022-04-22 09:18:58,951:INFO:load_config() succesfully completed......................................
2022-04-22 09:18:59,050:WARNING:Couldn't import xgboost.XGBRegressor
2022-04-22 09:18:59,051:WARNING:Couldn't import catboost.CatBoostRegressor
2022-04-22 09:18:59,149:WARNING:Couldn't import xgboost.XGBRegressor
2022-04-22 09:18:59,150:WARNING:Couldn't import catboost.CatBoostRegressor
2022-04-22 09:20:00,236:INFO:Initializing load_config()
2022-04-22 09:20:00,236:INFO:load_config(file_name=notebooks/rf_config)
2022-04-22 09:20:00,244:INFO:Global variables loaded from notebooks/rf_config
2022-04-22 09:20:00,244:INFO:Global variables set to match those in notebooks/rf_config
2022-04-22 09:20:00,244:INFO:load_config() succesfully completed......................................
2022-04-22 09:20:00,361:WARNING:Couldn't import xgboost.XGBRegressor
2022-04-22 09:20:00,361:WARNING:Couldn't import catboost.CatBoostRegressor
2022-04-22 09:20:00,459:WARNING:Couldn't import xgboost.XGBRegressor
2022-04-22 09:20:00,459:WARNING:Couldn't import catboost.CatBoostRegressor
2022-04-22 09:20:06,862:INFO:Initializing load_config()
2022-04-22 09:20:06,863:INFO:load_config(file_name=notebooks/rf_config)
2022-04-22 09:20:06,871:INFO:Global variables loaded from notebooks/rf_config
2022-04-22 09:20:06,872:INFO:Global variables set to match those in notebooks/rf_config
2022-04-22 09:20:06,872:INFO:load_config() succesfully completed......................................
2022-04-22 09:20:06,973:WARNING:Couldn't import xgboost.XGBRegressor
2022-04-22 09:20:06,973:WARNING:Couldn't import catboost.CatBoostRegressor
2022-04-22 09:20:07,070:WARNING:Couldn't import xgboost.XGBRegressor
2022-04-22 09:20:07,070:WARNING:Couldn't import catboost.CatBoostRegressor
2022-04-22 09:22:57,422:INFO:Initializing load_config()
2022-04-22 09:22:57,422:INFO:load_config(file_name=notebooks/rf_config)
2022-04-22 09:22:57,429:INFO:Global variables loaded from notebooks/rf_config
2022-04-22 09:22:57,429:INFO:Global variables set to match those in notebooks/rf_config
2022-04-22 09:22:57,430:INFO:load_config() succesfully completed......................................
2022-04-22 09:22:57,539:WARNING:Couldn't import xgboost.XGBRegressor
2022-04-22 09:22:57,540:WARNING:Couldn't import catboost.CatBoostRegressor
2022-04-22 09:22:57,636:WARNING:Couldn't import xgboost.XGBRegressor
2022-04-22 09:22:57,636:WARNING:Couldn't import catboost.CatBoostRegressor
2022-04-22 09:23:02,047:INFO:Initializing load_config()
2022-04-22 09:23:02,048:INFO:load_config(file_name=notebooks/rf_config)
2022-04-22 09:23:02,054:INFO:Global variables loaded from notebooks/rf_config
2022-04-22 09:23:02,055:INFO:Global variables set to match those in notebooks/rf_config
2022-04-22 09:23:02,055:INFO:load_config() succesfully completed......................................
2022-04-22 09:23:02,152:WARNING:Couldn't import xgboost.XGBRegressor
2022-04-22 09:23:02,153:WARNING:Couldn't import catboost.CatBoostRegressor
2022-04-22 09:23:02,251:WARNING:Couldn't import xgboost.XGBRegressor
2022-04-22 09:23:02,252:WARNING:Couldn't import catboost.CatBoostRegressor
2022-04-22 09:23:03,556:INFO:Initializing load_config()
2022-04-22 09:23:03,556:INFO:load_config(file_name=notebooks/rf_config)
2022-04-22 09:23:03,565:INFO:Global variables loaded from notebooks/rf_config
2022-04-22 09:23:03,565:INFO:Global variables set to match those in notebooks/rf_config
2022-04-22 09:23:03,565:INFO:load_config() succesfully completed......................................
2022-04-22 09:23:03,665:WARNING:Couldn't import xgboost.XGBRegressor
2022-04-22 09:23:03,665:WARNING:Couldn't import catboost.CatBoostRegressor
2022-04-22 09:23:03,766:WARNING:Couldn't import xgboost.XGBRegressor
2022-04-22 09:23:03,767:WARNING:Couldn't import catboost.CatBoostRegressor
2022-04-22 09:23:14,850:INFO:Initializing load_config()
2022-04-22 09:23:14,850:INFO:load_config(file_name=notebooks/rf_config)
2022-04-22 09:23:14,856:INFO:Global variables loaded from notebooks/rf_config
2022-04-22 09:23:14,856:INFO:Global variables set to match those in notebooks/rf_config
2022-04-22 09:23:14,857:INFO:load_config() succesfully completed......................................
2022-04-22 09:23:14,958:WARNING:Couldn't import xgboost.XGBRegressor
2022-04-22 09:23:14,958:WARNING:Couldn't import catboost.CatBoostRegressor
2022-04-22 09:23:15,056:WARNING:Couldn't import xgboost.XGBRegressor
2022-04-22 09:23:15,056:WARNING:Couldn't import catboost.CatBoostRegressor
2022-04-22 09:23:20,073:INFO:Initializing load_config()
2022-04-22 09:23:20,074:INFO:load_config(file_name=notebooks/rf_config)
2022-04-22 09:23:20,082:INFO:Global variables loaded from notebooks/rf_config
2022-04-22 09:23:20,083:INFO:Global variables set to match those in notebooks/rf_config
2022-04-22 09:23:20,083:INFO:load_config() succesfully completed......................................
2022-04-22 09:23:20,181:WARNING:Couldn't import xgboost.XGBRegressor
2022-04-22 09:23:20,182:WARNING:Couldn't import catboost.CatBoostRegressor
2022-04-22 09:23:20,278:WARNING:Couldn't import xgboost.XGBRegressor
2022-04-22 09:23:20,279:WARNING:Couldn't import catboost.CatBoostRegressor
2022-04-22 09:27:48,913:INFO:Initializing load_config()
2022-04-22 09:27:48,914:INFO:load_config(file_name=notebooks/rf_config)
2022-04-22 09:27:48,923:INFO:Global variables loaded from notebooks/rf_config
2022-04-22 09:27:48,923:INFO:Global variables set to match those in notebooks/rf_config
2022-04-22 09:27:48,924:INFO:load_config() succesfully completed......................................
2022-04-22 09:27:49,028:WARNING:Couldn't import xgboost.XGBRegressor
2022-04-22 09:27:49,029:WARNING:Couldn't import catboost.CatBoostRegressor
2022-04-22 09:27:49,131:WARNING:Couldn't import xgboost.XGBRegressor
2022-04-22 09:27:49,131:WARNING:Couldn't import catboost.CatBoostRegressor
2022-04-22 09:42:06,216:INFO:Initializing load_config()
2022-04-22 09:42:06,216:INFO:load_config(file_name=notebooks/rf_config)
2022-04-22 09:42:06,223:INFO:Global variables loaded from notebooks/rf_config
2022-04-22 09:42:06,223:INFO:Global variables set to match those in notebooks/rf_config
2022-04-22 09:42:06,224:INFO:load_config() succesfully completed......................................
2022-04-22 09:42:06,322:WARNING:Couldn't import xgboost.XGBRegressor
2022-04-22 09:42:06,322:WARNING:Couldn't import catboost.CatBoostRegressor
2022-04-22 09:42:06,416:WARNING:Couldn't import xgboost.XGBRegressor
2022-04-22 09:42:06,417:WARNING:Couldn't import catboost.CatBoostRegressor
2022-04-22 09:42:11,144:INFO:Initializing load_config()
2022-04-22 09:42:11,145:INFO:load_config(file_name=notebooks/rf_config)
2022-04-22 09:42:11,153:INFO:Global variables loaded from notebooks/rf_config
2022-04-22 09:42:11,153:INFO:Global variables set to match those in notebooks/rf_config
2022-04-22 09:42:11,153:INFO:load_config() succesfully completed......................................
2022-04-22 09:42:11,256:WARNING:Couldn't import xgboost.XGBRegressor
2022-04-22 09:42:11,257:WARNING:Couldn't import catboost.CatBoostRegressor
2022-04-22 09:42:11,357:WARNING:Couldn't import xgboost.XGBRegressor
2022-04-22 09:42:11,358:WARNING:Couldn't import catboost.CatBoostRegressor
2022-04-22 09:42:13,204:INFO:Initializing load_config()
2022-04-22 09:42:13,205:INFO:load_config(file_name=notebooks/rf_config)
2022-04-22 09:42:13,213:INFO:Global variables loaded from notebooks/rf_config
2022-04-22 09:42:13,213:INFO:Global variables set to match those in notebooks/rf_config
2022-04-22 09:42:13,214:INFO:load_config() succesfully completed......................................
2022-04-22 09:42:13,321:WARNING:Couldn't import xgboost.XGBRegressor
2022-04-22 09:42:13,322:WARNING:Couldn't import catboost.CatBoostRegressor
2022-04-22 09:42:13,429:WARNING:Couldn't import xgboost.XGBRegressor
2022-04-22 09:42:13,430:WARNING:Couldn't import catboost.CatBoostRegressor
2022-04-22 09:45:11,393:INFO:Initializing load_config()
2022-04-22 09:45:11,393:INFO:load_config(file_name=notebooks/rf_config)
2022-04-22 09:45:11,401:INFO:Global variables loaded from notebooks/rf_config
2022-04-22 09:45:11,401:INFO:Global variables set to match those in notebooks/rf_config
2022-04-22 09:45:11,401:INFO:load_config() succesfully completed......................................
2022-04-22 09:45:11,513:WARNING:Couldn't import xgboost.XGBRegressor
2022-04-22 09:45:11,513:WARNING:Couldn't import catboost.CatBoostRegressor
2022-04-22 09:45:11,610:WARNING:Couldn't import xgboost.XGBRegressor
2022-04-22 09:45:11,611:WARNING:Couldn't import catboost.CatBoostRegressor
2022-04-22 09:45:52,511:INFO:Initializing load_config()
2022-04-22 09:45:52,511:INFO:load_config(file_name=notebooks/rf_config)
2022-04-22 09:45:52,518:INFO:Global variables loaded from notebooks/rf_config
2022-04-22 09:45:52,519:INFO:Global variables set to match those in notebooks/rf_config
2022-04-22 09:45:52,519:INFO:load_config() succesfully completed......................................
2022-04-22 09:45:52,617:WARNING:Couldn't import xgboost.XGBRegressor
2022-04-22 09:45:52,617:WARNING:Couldn't import catboost.CatBoostRegressor
2022-04-22 09:45:52,709:WARNING:Couldn't import xgboost.XGBRegressor
2022-04-22 09:45:52,710:WARNING:Couldn't import catboost.CatBoostRegressor
2022-04-22 09:46:08,387:INFO:Initializing load_config()
2022-04-22 09:46:08,388:INFO:load_config(file_name=notebooks/rf_config)
2022-04-22 09:46:08,397:INFO:Global variables loaded from notebooks/rf_config
2022-04-22 09:46:08,398:INFO:Global variables set to match those in notebooks/rf_config
2022-04-22 09:46:08,398:INFO:load_config() succesfully completed......................................
2022-04-22 09:46:08,502:WARNING:Couldn't import xgboost.XGBRegressor
2022-04-22 09:46:08,503:WARNING:Couldn't import catboost.CatBoostRegressor
2022-04-22 09:46:08,606:WARNING:Couldn't import xgboost.XGBRegressor
2022-04-22 09:46:08,607:WARNING:Couldn't import catboost.CatBoostRegressor
2022-04-22 09:46:19,814:INFO:Initializing load_config()
2022-04-22 09:46:19,815:INFO:load_config(file_name=notebooks/rf_config)
2022-04-22 09:46:19,822:INFO:Global variables loaded from notebooks/rf_config
2022-04-22 09:46:19,822:INFO:Global variables set to match those in notebooks/rf_config
2022-04-22 09:46:19,822:INFO:load_config() succesfully completed......................................
2022-04-22 09:46:19,925:WARNING:Couldn't import xgboost.XGBRegressor
2022-04-22 09:46:19,925:WARNING:Couldn't import catboost.CatBoostRegressor
2022-04-22 09:46:20,024:WARNING:Couldn't import xgboost.XGBRegressor
2022-04-22 09:46:20,025:WARNING:Couldn't import catboost.CatBoostRegressor
2022-04-22 09:52:09,829:INFO:Initializing load_config()
2022-04-22 09:52:09,831:INFO:load_config(file_name=notebooks/rf_config)
2022-04-22 09:52:09,842:INFO:Global variables loaded from notebooks/rf_config
2022-04-22 09:52:09,842:INFO:Global variables set to match those in notebooks/rf_config
2022-04-22 09:52:09,843:INFO:load_config() succesfully completed......................................
2022-04-22 09:52:09,947:WARNING:Couldn't import xgboost.XGBRegressor
2022-04-22 09:52:09,948:WARNING:Couldn't import catboost.CatBoostRegressor
2022-04-22 09:52:10,047:WARNING:Couldn't import xgboost.XGBRegressor
2022-04-22 09:52:10,048:WARNING:Couldn't import catboost.CatBoostRegressor
2022-04-22 09:53:47,684:INFO:Initializing load_config()
2022-04-22 09:53:47,684:INFO:load_config(file_name=notebooks/rf_config)
2022-04-22 09:53:47,693:INFO:Global variables loaded from notebooks/rf_config
2022-04-22 09:53:47,693:INFO:Global variables set to match those in notebooks/rf_config
2022-04-22 09:53:47,693:INFO:load_config() succesfully completed......................................
2022-04-22 09:53:47,793:WARNING:Couldn't import xgboost.XGBRegressor
2022-04-22 09:53:47,794:WARNING:Couldn't import catboost.CatBoostRegressor
2022-04-22 09:53:47,889:WARNING:Couldn't import xgboost.XGBRegressor
2022-04-22 09:53:47,890:WARNING:Couldn't import catboost.CatBoostRegressor
2022-04-22 09:54:31,879:INFO:Initializing load_config()
2022-04-22 09:54:31,879:INFO:load_config(file_name=notebooks/rf_config)
2022-04-22 09:54:31,888:INFO:Global variables loaded from notebooks/rf_config
2022-04-22 09:54:31,888:INFO:Global variables set to match those in notebooks/rf_config
2022-04-22 09:54:31,889:INFO:load_config() succesfully completed......................................
2022-04-22 09:54:31,999:WARNING:Couldn't import xgboost.XGBRegressor
2022-04-22 09:54:32,000:WARNING:Couldn't import catboost.CatBoostRegressor
2022-04-22 09:54:32,096:WARNING:Couldn't import xgboost.XGBRegressor
2022-04-22 09:54:32,096:WARNING:Couldn't import catboost.CatBoostRegressor
2022-04-22 09:54:40,063:INFO:Initializing load_config()
2022-04-22 09:54:40,063:INFO:load_config(file_name=notebooks/rf_config)
2022-04-22 09:54:40,070:INFO:Global variables loaded from notebooks/rf_config
2022-04-22 09:54:40,071:INFO:Global variables set to match those in notebooks/rf_config
2022-04-22 09:54:40,071:INFO:load_config() succesfully completed......................................
2022-04-22 09:54:40,183:WARNING:Couldn't import xgboost.XGBRegressor
2022-04-22 09:54:40,184:WARNING:Couldn't import catboost.CatBoostRegressor
2022-04-22 09:54:40,292:WARNING:Couldn't import xgboost.XGBRegressor
2022-04-22 09:54:40,293:WARNING:Couldn't import catboost.CatBoostRegressor
